[ActionDispatch::HostAuthorization::DefaultResponseApp] Blocked hosts: 6216-221-112-76-209.ngrok.io, 6216-221-112-76-209.ngrok.io
[ActionDispatch::HostAuthorization::DefaultResponseApp] Blocked hosts: 6216-221-112-76-209.ngrok.io, 6216-221-112-76-209.ngrok.io
[ActionDispatch::HostAuthorization::DefaultResponseApp] Blocked hosts: 6216-221-112-76-209.ngrok.io, 6216-221-112-76-209.ngrok.io
[ActionDispatch::HostAuthorization::DefaultResponseApp] Blocked hosts: 6216-221-112-76-209.ngrok.io, 6216-221-112-76-209.ngrok.io
[ActionDispatch::HostAuthorization::DefaultResponseApp] Blocked hosts: 6216-221-112-76-209.ngrok.io, 6216-221-112-76-209.ngrok.io
Started POST "/callback" for 147.92.149.168 at 2023-11-04 14:37:56 +0900
Cannot render console from 147.92.149.168! Allowed networks: 127.0.0.0/127.255.255.255, ::1
  [1m[35m (3.4ms)[0m  [1m[35mCREATE TABLE "schema_migrations" ("version" varchar NOT NULL PRIMARY KEY)[0m
  [1m[35m (0.3ms)[0m  [1m[35mCREATE TABLE "ar_internal_metadata" ("key" varchar NOT NULL PRIMARY KEY, "value" varchar, "created_at" datetime(6) NOT NULL, "updated_at" datetime(6) NOT NULL)[0m
  [1m[36mActiveRecord::SchemaMigration Load (0.1ms)[0m  [1m[34mSELECT "schema_migrations"."version" FROM "schema_migrations" ORDER BY "schema_migrations"."version" ASC[0m
  
ActiveRecord::PendingMigrationError (

Migrations are pending. To resolve this issue, run:

        bin/rails db:migrate

You have 1 pending migration:

db/migrate/20231104034522_create_posts.rb


):
  
activerecord (7.1.1) lib/active_record/migration.rb:753:in `check_pending_migrations'
activerecord (7.1.1) lib/active_record/migration.rb:642:in `block (2 levels) in call'
activesupport (7.1.1) lib/active_support/file_update_checker.rb:85:in `execute'
activerecord (7.1.1) lib/active_record/migration.rb:647:in `block in call'
activerecord (7.1.1) lib/active_record/migration.rb:639:in `synchronize'
activerecord (7.1.1) lib/active_record/migration.rb:639:in `call'
actionpack (7.1.1) lib/action_dispatch/middleware/callbacks.rb:29:in `block in call'
activesupport (7.1.1) lib/active_support/callbacks.rb:101:in `run_callbacks'
actionpack (7.1.1) lib/action_dispatch/middleware/callbacks.rb:28:in `call'
actionpack (7.1.1) lib/action_dispatch/middleware/executor.rb:14:in `call'
actionpack (7.1.1) lib/action_dispatch/middleware/actionable_exceptions.rb:16:in `call'
actionpack (7.1.1) lib/action_dispatch/middleware/debug_exceptions.rb:29:in `call'
web-console (4.2.1) lib/web_console/middleware.rb:132:in `call_app'
web-console (4.2.1) lib/web_console/middleware.rb:19:in `block in call'
web-console (4.2.1) lib/web_console/middleware.rb:17:in `catch'
web-console (4.2.1) lib/web_console/middleware.rb:17:in `call'
actionpack (7.1.1) lib/action_dispatch/middleware/show_exceptions.rb:31:in `call'
railties (7.1.1) lib/rails/rack/logger.rb:37:in `call_app'
railties (7.1.1) lib/rails/rack/logger.rb:24:in `block in call'
activesupport (7.1.1) lib/active_support/tagged_logging.rb:135:in `block in tagged'
activesupport (7.1.1) lib/active_support/tagged_logging.rb:39:in `tagged'
activesupport (7.1.1) lib/active_support/tagged_logging.rb:135:in `tagged'
activesupport (7.1.1) lib/active_support/broadcast_logger.rb:232:in `method_missing'
railties (7.1.1) lib/rails/rack/logger.rb:24:in `call'
sprockets-rails (3.4.2) lib/sprockets/rails/quiet_assets.rb:13:in `call'
actionpack (7.1.1) lib/action_dispatch/middleware/remote_ip.rb:92:in `call'
actionpack (7.1.1) lib/action_dispatch/middleware/request_id.rb:28:in `call'
rack (3.0.8) lib/rack/method_override.rb:28:in `call'
rack (3.0.8) lib/rack/runtime.rb:24:in `call'
activesupport (7.1.1) lib/active_support/cache/strategy/local_cache_middleware.rb:29:in `call'
actionpack (7.1.1) lib/action_dispatch/middleware/server_timing.rb:59:in `block in call'
actionpack (7.1.1) lib/action_dispatch/middleware/server_timing.rb:24:in `collect_events'
actionpack (7.1.1) lib/action_dispatch/middleware/server_timing.rb:58:in `call'
actionpack (7.1.1) lib/action_dispatch/middleware/executor.rb:14:in `call'
actionpack (7.1.1) lib/action_dispatch/middleware/static.rb:25:in `call'
rack (3.0.8) lib/rack/sendfile.rb:114:in `call'
actionpack (7.1.1) lib/action_dispatch/middleware/host_authorization.rb:141:in `call'
railties (7.1.1) lib/rails/engine.rb:529:in `call'
puma (6.4.0) lib/puma/configuration.rb:272:in `call'
puma (6.4.0) lib/puma/request.rb:100:in `block in handle_request'
puma (6.4.0) lib/puma/thread_pool.rb:378:in `with_force_shutdown'
puma (6.4.0) lib/puma/request.rb:99:in `handle_request'
puma (6.4.0) lib/puma/server.rb:443:in `process_client'
puma (6.4.0) lib/puma/server.rb:241:in `block in run'
puma (6.4.0) lib/puma/thread_pool.rb:155:in `block in spawn_thread'
Started POST "/callback" for 147.92.150.194 at 2023-11-04 14:40:35 +0900
Cannot render console from 147.92.150.194! Allowed networks: 127.0.0.0/127.255.255.255, ::1
  [1m[36mActiveRecord::SchemaMigration Load (0.0ms)[0m  [1m[34mSELECT "schema_migrations"."version" FROM "schema_migrations" ORDER BY "schema_migrations"."version" ASC[0m
  
ActiveRecord::PendingMigrationError (

Migrations are pending. To resolve this issue, run:

        bin/rails db:migrate

You have 1 pending migration:

db/migrate/20231104034522_create_posts.rb


):
  
activerecord (7.1.1) lib/active_record/migration.rb:753:in `check_pending_migrations'
activerecord (7.1.1) lib/active_record/migration.rb:642:in `block (2 levels) in call'
activesupport (7.1.1) lib/active_support/file_update_checker.rb:85:in `execute'
activerecord (7.1.1) lib/active_record/migration.rb:647:in `block in call'
activerecord (7.1.1) lib/active_record/migration.rb:639:in `synchronize'
activerecord (7.1.1) lib/active_record/migration.rb:639:in `call'
actionpack (7.1.1) lib/action_dispatch/middleware/callbacks.rb:29:in `block in call'
activesupport (7.1.1) lib/active_support/callbacks.rb:101:in `run_callbacks'
actionpack (7.1.1) lib/action_dispatch/middleware/callbacks.rb:28:in `call'
actionpack (7.1.1) lib/action_dispatch/middleware/executor.rb:14:in `call'
actionpack (7.1.1) lib/action_dispatch/middleware/actionable_exceptions.rb:16:in `call'
actionpack (7.1.1) lib/action_dispatch/middleware/debug_exceptions.rb:29:in `call'
web-console (4.2.1) lib/web_console/middleware.rb:132:in `call_app'
web-console (4.2.1) lib/web_console/middleware.rb:19:in `block in call'
web-console (4.2.1) lib/web_console/middleware.rb:17:in `catch'
web-console (4.2.1) lib/web_console/middleware.rb:17:in `call'
actionpack (7.1.1) lib/action_dispatch/middleware/show_exceptions.rb:31:in `call'
railties (7.1.1) lib/rails/rack/logger.rb:37:in `call_app'
railties (7.1.1) lib/rails/rack/logger.rb:24:in `block in call'
activesupport (7.1.1) lib/active_support/tagged_logging.rb:135:in `block in tagged'
activesupport (7.1.1) lib/active_support/tagged_logging.rb:39:in `tagged'
activesupport (7.1.1) lib/active_support/tagged_logging.rb:135:in `tagged'
activesupport (7.1.1) lib/active_support/broadcast_logger.rb:232:in `method_missing'
railties (7.1.1) lib/rails/rack/logger.rb:24:in `call'
sprockets-rails (3.4.2) lib/sprockets/rails/quiet_assets.rb:13:in `call'
actionpack (7.1.1) lib/action_dispatch/middleware/remote_ip.rb:92:in `call'
actionpack (7.1.1) lib/action_dispatch/middleware/request_id.rb:28:in `call'
rack (3.0.8) lib/rack/method_override.rb:28:in `call'
rack (3.0.8) lib/rack/runtime.rb:24:in `call'
activesupport (7.1.1) lib/active_support/cache/strategy/local_cache_middleware.rb:29:in `call'
actionpack (7.1.1) lib/action_dispatch/middleware/server_timing.rb:59:in `block in call'
actionpack (7.1.1) lib/action_dispatch/middleware/server_timing.rb:24:in `collect_events'
actionpack (7.1.1) lib/action_dispatch/middleware/server_timing.rb:58:in `call'
actionpack (7.1.1) lib/action_dispatch/middleware/executor.rb:14:in `call'
actionpack (7.1.1) lib/action_dispatch/middleware/static.rb:25:in `call'
rack (3.0.8) lib/rack/sendfile.rb:114:in `call'
actionpack (7.1.1) lib/action_dispatch/middleware/host_authorization.rb:141:in `call'
railties (7.1.1) lib/rails/engine.rb:529:in `call'
puma (6.4.0) lib/puma/configuration.rb:272:in `call'
puma (6.4.0) lib/puma/request.rb:100:in `block in handle_request'
puma (6.4.0) lib/puma/thread_pool.rb:378:in `with_force_shutdown'
puma (6.4.0) lib/puma/request.rb:99:in `handle_request'
puma (6.4.0) lib/puma/server.rb:443:in `process_client'
puma (6.4.0) lib/puma/server.rb:241:in `block in run'
puma (6.4.0) lib/puma/thread_pool.rb:155:in `block in spawn_thread'
  [1m[36mActiveRecord::InternalMetadata Load (0.2ms)[0m  [1m[34mSELECT * FROM "ar_internal_metadata" WHERE "ar_internal_metadata"."key" = ? ORDER BY "ar_internal_metadata"."key" ASC LIMIT 1[0m  [[nil, "environment"]]
  [1m[36mActiveRecord::InternalMetadata Create (1.1ms)[0m  [1m[32mINSERT INTO "ar_internal_metadata" ("key", "value", "created_at", "updated_at") VALUES ('environment', 'development', '2023-11-04 05:41:45.981404', '2023-11-04 05:41:45.981408') RETURNING "key"[0m
  [1m[36mActiveRecord::SchemaMigration Load (0.2ms)[0m  [1m[34mSELECT "schema_migrations"."version" FROM "schema_migrations" ORDER BY "schema_migrations"."version" ASC[0m
Migrating to CreatePosts (20231104034522)
  [1m[36mTRANSACTION (0.1ms)[0m  [1m[36mbegin transaction[0m
  [1m[35m (1.9ms)[0m  [1m[35mCREATE TABLE "posts" ("id" integer PRIMARY KEY AUTOINCREMENT NOT NULL, "name" varchar, "created_at" datetime(6) NOT NULL, "updated_at" datetime(6) NOT NULL)[0m
  [1m[36mActiveRecord::SchemaMigration Create (0.2ms)[0m  [1m[32mINSERT INTO "schema_migrations" ("version") VALUES ('20231104034522') RETURNING "version"[0m
  [1m[36mTRANSACTION (0.2ms)[0m  [1m[36mcommit transaction[0m
  [1m[36mActiveRecord::SchemaMigration Load (0.1ms)[0m  [1m[34mSELECT "schema_migrations"."version" FROM "schema_migrations" ORDER BY "schema_migrations"."version" ASC[0m
Started POST "/callback" for 147.92.150.195 at 2023-11-04 14:42:04 +0900
Cannot render console from 147.92.150.195! Allowed networks: 127.0.0.0/127.255.255.255, ::1
  [1m[36mActiveRecord::SchemaMigration Load (0.1ms)[0m  [1m[34mSELECT "schema_migrations"."version" FROM "schema_migrations" ORDER BY "schema_migrations"."version" ASC[0m
Processing by LinebotController#callback as HTML
  Parameters: {"destination"=>"U6fbac5f78a09433fcdd0141f40be8611", "events"=>[], "linebot"=>{"destination"=>"U6fbac5f78a09433fcdd0141f40be8611", "events"=>[]}}
  [1m[36mPost Count (0.1ms)[0m  [1m[34mSELECT COUNT(*) FROM "posts"[0m
  â†³ app/controllers/linebot_controller.rb:17:in `callback'
  [1m[36mPost Load (0.1ms)[0m  [1m[34mSELECT "posts".* FROM "posts" ORDER BY "posts"."id" ASC LIMIT ? OFFSET ?[0m  [["LIMIT", 1], ["OFFSET", 0]]
  â†³ app/controllers/linebot_controller.rb:17:in `callback'
Completed 200 OK in 107ms (ActiveRecord: 0.8ms | Allocations: 14250)


Started POST "/callback" for 147.92.150.194 at 2023-11-04 14:42:30 +0900
Cannot render console from 147.92.150.194! Allowed networks: 127.0.0.0/127.255.255.255, ::1
Processing by LinebotController#callback as HTML
  Parameters: {"destination"=>"U6fbac5f78a09433fcdd0141f40be8611", "events"=>[{"type"=>"message", "message"=>{"type"=>"text", "id"=>"480239831172776067", "quoteToken"=>"[FILTERED]", "text"=>"ã“ã‚“ã«ã¡ã¯"}, "webhookEventId"=>"01HECDNB32ZTKPXK9E84GD7E6A", "deliveryContext"=>{"isRedelivery"=>false}, "timestamp"=>1699076549500, "source"=>{"type"=>"user", "userId"=>"U48a19bfdab5191a5e8b60f378c883fb9"}, "replyToken"=>"[FILTERED]", "mode"=>"active"}], "linebot"=>{"destination"=>"U6fbac5f78a09433fcdd0141f40be8611", "events"=>[{"type"=>"message", "message"=>{"type"=>"text", "id"=>"480239831172776067", "quoteToken"=>"[FILTERED]", "text"=>"ã“ã‚“ã«ã¡ã¯"}, "webhookEventId"=>"01HECDNB32ZTKPXK9E84GD7E6A", "deliveryContext"=>{"isRedelivery"=>false}, "timestamp"=>1699076549500, "source"=>{"type"=>"user", "userId"=>"U48a19bfdab5191a5e8b60f378c883fb9"}, "replyToken"=>"[FILTERED]", "mode"=>"active"}]}}
  [1m[36mPost Count (0.1ms)[0m  [1m[34mSELECT COUNT(*) FROM "posts"[0m
  â†³ app/controllers/linebot_controller.rb:17:in `callback'
  [1m[36mPost Load (0.1ms)[0m  [1m[34mSELECT "posts".* FROM "posts" ORDER BY "posts"."id" ASC LIMIT ? OFFSET ?[0m  [["LIMIT", 1], ["OFFSET", 0]]
  â†³ app/controllers/linebot_controller.rb:17:in `callback'
Completed 200 OK in 106ms (ActiveRecord: 0.2ms | Allocations: 2149)


Started POST "/callback" for 147.92.150.194 at 2023-11-04 14:44:15 +0900
Cannot render console from 147.92.150.194! Allowed networks: 127.0.0.0/127.255.255.255, ::1
Processing by LinebotController#callback as HTML
  Parameters: {"destination"=>"U6fbac5f78a09433fcdd0141f40be8611", "events"=>[{"type"=>"message", "message"=>{"type"=>"text", "id"=>"480240007786266951", "quoteToken"=>"[FILTERED]", "text"=>"ãŠã¯ã‚ˆã†"}, "webhookEventId"=>"01HECDRJ1T2ZNBVD4NGN95Y99A", "deliveryContext"=>{"isRedelivery"=>false}, "timestamp"=>1699076654911, "source"=>{"type"=>"user", "userId"=>"U48a19bfdab5191a5e8b60f378c883fb9"}, "replyToken"=>"[FILTERED]", "mode"=>"active"}], "linebot"=>{"destination"=>"U6fbac5f78a09433fcdd0141f40be8611", "events"=>[{"type"=>"message", "message"=>{"type"=>"text", "id"=>"480240007786266951", "quoteToken"=>"[FILTERED]", "text"=>"ãŠã¯ã‚ˆã†"}, "webhookEventId"=>"01HECDRJ1T2ZNBVD4NGN95Y99A", "deliveryContext"=>{"isRedelivery"=>false}, "timestamp"=>1699076654911, "source"=>{"type"=>"user", "userId"=>"U48a19bfdab5191a5e8b60f378c883fb9"}, "replyToken"=>"[FILTERED]", "mode"=>"active"}]}}
  [1m[36mPost Count (0.1ms)[0m  [1m[34mSELECT COUNT(*) FROM "posts"[0m
  â†³ app/controllers/linebot_controller.rb:17:in `callback'
  [1m[36mPost Load (0.1ms)[0m  [1m[34mSELECT "posts".* FROM "posts" ORDER BY "posts"."id" ASC LIMIT ? OFFSET ?[0m  [["LIMIT", 1], ["OFFSET", 0]]
  â†³ app/controllers/linebot_controller.rb:17:in `callback'
Completed 200 OK in 112ms (ActiveRecord: 0.2ms | Allocations: 1677)


Started POST "/callback" for 147.92.150.194 at 2023-11-04 15:22:11 +0900
Cannot render console from 147.92.150.194! Allowed networks: 127.0.0.0/127.255.255.255, ::1
Processing by LinebotController#callback as HTML
  Parameters: {"destination"=>"U6fbac5f78a09433fcdd0141f40be8611", "events"=>[{"type"=>"message", "message"=>{"type"=>"text", "id"=>"480243826112332178", "quoteToken"=>"[FILTERED]", "text"=>"ãŸã ã„ã¾"}, "webhookEventId"=>"01HECFY0NPX93BNBJHFEQXGWWR", "deliveryContext"=>{"isRedelivery"=>false}, "timestamp"=>1699078930628, "source"=>{"type"=>"user", "userId"=>"U48a19bfdab5191a5e8b60f378c883fb9"}, "replyToken"=>"[FILTERED]", "mode"=>"active"}], "linebot"=>{"destination"=>"U6fbac5f78a09433fcdd0141f40be8611", "events"=>[{"type"=>"message", "message"=>{"type"=>"text", "id"=>"480243826112332178", "quoteToken"=>"[FILTERED]", "text"=>"ãŸã ã„ã¾"}, "webhookEventId"=>"01HECFY0NPX93BNBJHFEQXGWWR", "deliveryContext"=>{"isRedelivery"=>false}, "timestamp"=>1699078930628, "source"=>{"type"=>"user", "userId"=>"U48a19bfdab5191a5e8b60f378c883fb9"}, "replyToken"=>"[FILTERED]", "mode"=>"active"}]}}
  [1m[36mPost Count (2.1ms)[0m  [1m[34mSELECT COUNT(*) FROM "posts"[0m
  â†³ app/controllers/linebot_controller.rb:17:in `callback'
  [1m[36mPost Load (0.1ms)[0m  [1m[34mSELECT "posts".* FROM "posts" ORDER BY "posts"."id" ASC LIMIT ? OFFSET ?[0m  [["LIMIT", 1], ["OFFSET", 0]]
  â†³ app/controllers/linebot_controller.rb:17:in `callback'
Completed 200 OK in 1174ms (ActiveRecord: 3.4ms | Allocations: 1957)


